Downloading 2 sequences from NCBI...
[1mwrote[0m [32m2.15GB[0m in [36m 0s[0m, [32m2.15GB/s[0m                                                                                                                    [1mwrote[0m [32m2.15GB[0m in [36m 0s[0m, [32m2.15GB/s[0m                                                                                                                     > 2 (100%) sequences downloaded.[1mindexing[0m [34mrefdb_NCBI_2d4c1908765b.csv[0m [==========================================================] [32m245.59MB/s[0m, eta: [36m 0s[0m                                                                                                                                                         No sequence found
No sequence found
No sequence found
No sequence found
No sequence found
No sequence found
No sequence found
No sequence found
No sequence found
No sequence found
No sequence found
No sequence found
No sequence found
No sequence found
No sequence found
No sequence found
No sequence found
No sequence found
No sequence found
No sequence found
No sequence found
No sequence found
No sequence found
No sequence found
No sequence found
No sequence found
No sequence found
No sequence found
No sequence found
No sequence found
No sequence found
No sequence found
No sequence found
No sequence found
No sequence found
No sequence found
No sequence found
No sequence found
No sequence found
No sequence found
No sequence found
No sequence found
No sequence found
No sequence found
No sequence found
No sequence found
No sequence found
No sequence found
No sequence found
No sequence found
No sequence found
No sequence found
No sequence found
No sequence found
No sequence found
No sequence found
No sequence found
No sequence found
No sequence found
No sequence found
No sequence found
No sequence found
No sequence found
No sequence found
No sequence found
No sequence found
No sequence found
No sequence found
No sequence found
No sequence found
No sequence found
No sequence found
No sequence found
No sequence found
No sequence found
No sequence found
No sequence found
No sequence found
No sequence found
No sequence found
No sequence found
No sequence found
No sequence found
No sequence found
No sequence found
No sequence found
No sequence found
No sequence found
No sequence found
No sequence found
No sequence found
No sequence found
No sequence found
No sequence found
No sequence found
No sequence found
No sequence found
No sequence found
No sequence found
No sequence found
No sequence found
No sequence found
No sequence found
No sequence found
No sequence found
No sequence found
No sequence found
No sequence found
No sequence found
No sequence found
No sequence found
No sequence found
No sequence found
No sequence found
No sequence found
No sequence found
No sequence found
No sequence found
No sequence found
No sequence found
No sequence found
No sequence found
No sequence found
No sequence found
No sequence found
No sequence found
No sequence found
No sequence found
No sequence found
No sequence found
No sequence found
No sequence found
No sequence found
No sequence found
No sequence found
No sequence found
No sequence found
No sequence found
No sequence found
No sequence found
No sequence found
No sequence found
No sequence found
No sequence found
No sequence found
No sequence found
No sequence found
No sequence found
No sequence found
No sequence found
No sequence found
No sequence found
function (file = NULL, append = FALSE, type = c("output", "message"), 
    split = FALSE) 
{
    type <- match.arg(type)
    if (type == "message") {
        if (is.null(file)) 
            file <- stderr()
        else if (!inherits(file, "connection") || !isOpen(file)) 
            stop("'file' must be NULL or an already open connection")
        if (split) 
            stop("cannot split the message connection")
        .Internal(sink(file, FALSE, TRUE, FALSE))
    }
    else {
        closeOnExit <- FALSE
        if (is.null(file)) 
            file <- -1L
        else if (is.character(file)) {
            file <- file(file, if (append) 
                "a"
            else "w")
            closeOnExit <- TRUE
        }
        else if (!inherits(file, "connection")) 
            stop("'file' must be NULL, a connection or a character string")
        .Internal(sink(file, closeOnExit, FALSE, split))
    }
}
<bytecode: 0x00000173f2d81398>
<environment: namespace:base>
